{"C:\\Users\\kirog\\OneDrive\\Desktop\\magic\\cross-platform-dev\\lab3\\src\\diff.js": {"path":"C:\\Users\\kirog\\OneDrive\\Desktop\\magic\\cross-platform-dev\\lab3\\src\\diff.js","statementMap":{"0":{"start":{"line":5,"column":4},"end":{"line":7,"column":5}},"1":{"start":{"line":6,"column":8},"end":{"line":6,"column":43}},"2":{"start":{"line":9,"column":4},"end":{"line":11,"column":5}},"3":{"start":{"line":10,"column":8},"end":{"line":10,"column":19}},"4":{"start":{"line":14,"column":18},"end":{"line":14,"column":53}},"5":{"start":{"line":15,"column":22},"end":{"line":15,"column":23}},"6":{"start":{"line":16,"column":19},"end":{"line":16,"column":20}},"7":{"start":{"line":18,"column":4},"end":{"line":31,"column":5}},"8":{"start":{"line":19,"column":8},"end":{"line":19,"column":43}},"9":{"start":{"line":20,"column":8},"end":{"line":20,"column":40}},"10":{"start":{"line":22,"column":8},"end":{"line":24,"column":9}},"11":{"start":{"line":23,"column":12},"end":{"line":23,"column":64}},"12":{"start":{"line":25,"column":11},"end":{"line":31,"column":5}},"13":{"start":{"line":27,"column":8},"end":{"line":27,"column":43}},"14":{"start":{"line":28,"column":8},"end":{"line":28,"column":21}},"15":{"start":{"line":30,"column":8},"end":{"line":30,"column":102}},"16":{"start":{"line":34,"column":34},"end":{"line":34,"column":56}},"17":{"start":{"line":35,"column":31},"end":{"line":35,"column":43}},"18":{"start":{"line":38,"column":27},"end":{"line":38,"column":86}},"19":{"start":{"line":39,"column":4},"end":{"line":43,"column":5}},"20":{"start":{"line":40,"column":8},"end":{"line":40,"column":54}},"21":{"start":{"line":41,"column":11},"end":{"line":43,"column":5}},"22":{"start":{"line":42,"column":8},"end":{"line":42,"column":65}},"23":{"start":{"line":45,"column":4},"end":{"line":45,"column":28}},"24":{"start":{"line":50,"column":20},"end":{"line":50,"column":22}},"25":{"start":{"line":51,"column":15},"end":{"line":51,"column":17}},"26":{"start":{"line":54,"column":4},"end":{"line":64,"column":5}},"27":{"start":{"line":54,"column":17},"end":{"line":54,"column":18}},"28":{"start":{"line":55,"column":8},"end":{"line":63,"column":9}},"29":{"start":{"line":56,"column":12},"end":{"line":59,"column":13}},"30":{"start":{"line":57,"column":16},"end":{"line":57,"column":37}},"31":{"start":{"line":58,"column":16},"end":{"line":58,"column":26}},"32":{"start":{"line":60,"column":12},"end":{"line":60,"column":42}},"33":{"start":{"line":62,"column":12},"end":{"line":62,"column":34}},"34":{"start":{"line":67,"column":4},"end":{"line":69,"column":5}},"35":{"start":{"line":68,"column":8},"end":{"line":68,"column":29}},"36":{"start":{"line":71,"column":4},"end":{"line":73,"column":7}},"37":{"start":{"line":72,"column":8},"end":{"line":72,"column":42}},"38":{"start":{"line":78,"column":21},"end":{"line":78,"column":23}},"39":{"start":{"line":79,"column":4},"end":{"line":86,"column":5}},"40":{"start":{"line":79,"column":17},"end":{"line":79,"column":18}},"41":{"start":{"line":80,"column":8},"end":{"line":85,"column":9}},"42":{"start":{"line":81,"column":12},"end":{"line":81,"column":39}},"43":{"start":{"line":83,"column":39},"end":{"line":83,"column":67}},"44":{"start":{"line":84,"column":12},"end":{"line":84,"column":45}},"45":{"start":{"line":89,"column":4},"end":{"line":89,"column":50}},"46":{"start":{"line":90,"column":4},"end":{"line":90,"column":50}},"47":{"start":{"line":92,"column":4},"end":{"line":92,"column":22}},"48":{"start":{"line":96,"column":0},"end":{"line":99,"column":2}}},"fnMap":{"0":{"name":"diff","decl":{"start":{"line":2,"column":9},"end":{"line":2,"column":13}},"loc":{"start":{"line":2,"column":39},"end":{"line":46,"column":1}},"line":2},"1":{"name":"getDerivative","decl":{"start":{"line":49,"column":9},"end":{"line":49,"column":22}},"loc":{"start":{"line":49,"column":45},"end":{"line":93,"column":1}},"line":49},"2":{"name":"(anonymous_2)","decl":{"start":{"line":71,"column":22},"end":{"line":71,"column":23}},"loc":{"start":{"line":71,"column":42},"end":{"line":73,"column":5}},"line":71}},"branchMap":{"0":{"loc":{"start":{"line":5,"column":4},"end":{"line":7,"column":5}},"type":"if","locations":[{"start":{"line":5,"column":4},"end":{"line":7,"column":5}},{"start":{},"end":{}}],"line":5},"1":{"loc":{"start":{"line":5,"column":8},"end":{"line":5,"column":58}},"type":"binary-expr","locations":[{"start":{"line":5,"column":8},"end":{"line":5,"column":31}},{"start":{"line":5,"column":35},"end":{"line":5,"column":58}}],"line":5},"2":{"loc":{"start":{"line":9,"column":4},"end":{"line":11,"column":5}},"type":"if","locations":[{"start":{"line":9,"column":4},"end":{"line":11,"column":5}},{"start":{},"end":{}}],"line":9},"3":{"loc":{"start":{"line":18,"column":4},"end":{"line":31,"column":5}},"type":"if","locations":[{"start":{"line":18,"column":4},"end":{"line":31,"column":5}},{"start":{"line":25,"column":11},"end":{"line":31,"column":5}}],"line":18},"4":{"loc":{"start":{"line":22,"column":8},"end":{"line":24,"column":9}},"type":"if","locations":[{"start":{"line":22,"column":8},"end":{"line":24,"column":9}},{"start":{},"end":{}}],"line":22},"5":{"loc":{"start":{"line":22,"column":12},"end":{"line":22,"column":49}},"type":"binary-expr","locations":[{"start":{"line":22,"column":12},"end":{"line":22,"column":30}},{"start":{"line":22,"column":34},"end":{"line":22,"column":49}}],"line":22},"6":{"loc":{"start":{"line":25,"column":11},"end":{"line":31,"column":5}},"type":"if","locations":[{"start":{"line":25,"column":11},"end":{"line":31,"column":5}},{"start":{"line":29,"column":11},"end":{"line":31,"column":5}}],"line":25},"7":{"loc":{"start":{"line":25,"column":15},"end":{"line":25,"column":69}},"type":"binary-expr","locations":[{"start":{"line":25,"column":15},"end":{"line":25,"column":33}},{"start":{"line":25,"column":37},"end":{"line":25,"column":69}}],"line":25},"8":{"loc":{"start":{"line":39,"column":4},"end":{"line":43,"column":5}},"type":"if","locations":[{"start":{"line":39,"column":4},"end":{"line":43,"column":5}},{"start":{"line":41,"column":11},"end":{"line":43,"column":5}}],"line":39},"9":{"loc":{"start":{"line":41,"column":11},"end":{"line":43,"column":5}},"type":"if","locations":[{"start":{"line":41,"column":11},"end":{"line":43,"column":5}},{"start":{},"end":{}}],"line":41},"10":{"loc":{"start":{"line":55,"column":8},"end":{"line":63,"column":9}},"type":"if","locations":[{"start":{"line":55,"column":8},"end":{"line":63,"column":9}},{"start":{"line":61,"column":15},"end":{"line":63,"column":9}}],"line":55},"11":{"loc":{"start":{"line":55,"column":12},"end":{"line":55,"column":58}},"type":"binary-expr","locations":[{"start":{"line":55,"column":12},"end":{"line":55,"column":33}},{"start":{"line":55,"column":37},"end":{"line":55,"column":58}}],"line":55},"12":{"loc":{"start":{"line":56,"column":12},"end":{"line":59,"column":13}},"type":"if","locations":[{"start":{"line":56,"column":12},"end":{"line":59,"column":13}},{"start":{},"end":{}}],"line":56},"13":{"loc":{"start":{"line":67,"column":4},"end":{"line":69,"column":5}},"type":"if","locations":[{"start":{"line":67,"column":4},"end":{"line":69,"column":5}},{"start":{},"end":{}}],"line":67},"14":{"loc":{"start":{"line":80,"column":8},"end":{"line":85,"column":9}},"type":"if","locations":[{"start":{"line":80,"column":8},"end":{"line":85,"column":9}},{"start":{"line":82,"column":15},"end":{"line":85,"column":9}}],"line":80},"15":{"loc":{"start":{"line":80,"column":12},"end":{"line":80,"column":56}},"type":"binary-expr","locations":[{"start":{"line":80,"column":12},"end":{"line":80,"column":32}},{"start":{"line":80,"column":36},"end":{"line":80,"column":56}}],"line":80}},"s":{"0":10,"1":2,"2":10,"3":2,"4":8,"5":8,"6":8,"7":8,"8":4,"9":4,"10":4,"11":0,"12":4,"13":4,"14":4,"15":0,"16":8,"17":8,"18":8,"19":8,"20":4,"21":4,"22":2,"23":8,"24":2,"25":2,"26":2,"27":2,"28":29,"29":5,"30":4,"31":4,"32":5,"33":24,"34":2,"35":2,"36":2,"37":11,"38":2,"39":2,"40":2,"41":11,"42":5,"43":6,"44":6,"45":2,"46":2,"47":2,"48":1},"f":{"0":10,"1":2,"2":11},"b":{"0":[2,8],"1":[10,8],"2":[2,8],"3":[4,4],"4":[0,4],"5":[4,4],"6":[4,0],"7":[4,4],"8":[4,4],"9":[2,2],"10":[5,24],"11":[29,27],"12":[4,1],"13":[2,0],"14":[5,6],"15":[11,9]},"_coverageSchema":"1a1c01bbd47fc00a2c39e90264f33305004495a9","hash":"82e866e0095d7eaeb00cf35a119408ba623126eb"}
}
