TN:
SF:src\diff.js
FN:2,diff
FN:49,getDerivative
FN:71,(anonymous_2)
FNF:3
FNH:3
FNDA:10,diff
FNDA:2,getDerivative
FNDA:11,(anonymous_2)
DA:5,10
DA:6,2
DA:9,10
DA:10,2
DA:14,8
DA:15,8
DA:16,8
DA:18,8
DA:19,4
DA:20,4
DA:22,4
DA:23,0
DA:25,4
DA:27,4
DA:28,4
DA:30,0
DA:34,8
DA:35,8
DA:38,8
DA:39,8
DA:40,4
DA:41,4
DA:42,2
DA:45,8
DA:50,2
DA:51,2
DA:54,2
DA:55,29
DA:56,5
DA:57,4
DA:58,4
DA:60,5
DA:62,24
DA:67,2
DA:68,2
DA:71,2
DA:72,11
DA:78,2
DA:79,2
DA:80,11
DA:81,5
DA:83,6
DA:84,6
DA:89,2
DA:90,2
DA:92,2
DA:96,1
LF:47
LH:45
BRDA:5,0,0,2
BRDA:5,0,1,8
BRDA:5,1,0,10
BRDA:5,1,1,8
BRDA:9,2,0,2
BRDA:9,2,1,8
BRDA:18,3,0,4
BRDA:18,3,1,4
BRDA:22,4,0,0
BRDA:22,4,1,4
BRDA:22,5,0,4
BRDA:22,5,1,4
BRDA:25,6,0,4
BRDA:25,6,1,0
BRDA:25,7,0,4
BRDA:25,7,1,4
BRDA:39,8,0,4
BRDA:39,8,1,4
BRDA:41,9,0,2
BRDA:41,9,1,2
BRDA:55,10,0,5
BRDA:55,10,1,24
BRDA:55,11,0,29
BRDA:55,11,1,27
BRDA:56,12,0,4
BRDA:56,12,1,1
BRDA:67,13,0,2
BRDA:67,13,1,0
BRDA:80,14,0,5
BRDA:80,14,1,6
BRDA:80,15,0,11
BRDA:80,15,1,9
BRF:32
BRH:29
end_of_record
