TN:
SF:src\diff.js
FN:2,diff
FN:43,getDerivative
FNF:2
FNH:2
FNDA:12,diff
FNDA:2,getDerivative
DA:5,12
DA:6,3
DA:9,12
DA:10,3
DA:14,9
DA:15,9
DA:16,9
DA:18,9
DA:19,4
DA:20,4
DA:23,5
DA:24,5
DA:28,9
DA:29,9
DA:32,9
DA:33,9
DA:34,5
DA:35,4
DA:36,2
DA:39,9
DA:46,2
DA:47,2
DA:49,2
DA:50,14
DA:51,14
DA:52,6
DA:53,5
DA:55,8
DA:56,8
DA:57,2
DA:58,2
DA:60,6
DA:66,2
DA:67,1
DA:69,2
DA:73,1
LF:36
LH:36
BRDA:5,0,0,3
BRDA:5,0,1,9
BRDA:5,1,0,12
BRDA:5,1,1,9
BRDA:9,2,0,3
BRDA:9,2,1,9
BRDA:18,3,0,4
BRDA:18,3,1,5
BRDA:33,4,0,5
BRDA:33,4,1,4
BRDA:35,5,0,2
BRDA:35,5,1,2
BRDA:51,6,0,6
BRDA:51,6,1,8
BRDA:51,7,0,14
BRDA:51,7,1,11
BRDA:52,8,0,1
BRDA:52,8,1,5
BRDA:56,9,0,2
BRDA:56,9,1,6
BRDA:66,10,0,1
BRDA:66,10,1,1
BRF:22
BRH:22
end_of_record
